#
# There is insufficient memory for the Java Runtime Environment to continue.
# Native memory allocation (mmap) failed to map 65536 bytes for Failed to commit metaspace.
# Possible reasons:
#   The system is out of physical RAM or swap space
#   The process is running with CompressedOops enabled, and the Java Heap may be blocking the growth of the native heap
# Possible solutions:
#   Reduce memory load on the system
#   Increase physical memory or swap space
#   Check if swap backing store is full
#   Decrease Java heap size (-Xmx/-Xms)
#   Decrease number of Java threads
#   Decrease Java thread stack sizes (-Xss)
#   Set larger code cache with -XX:ReservedCodeCacheSize=
#   JVM is running with Unscaled Compressed Oops mode in which the Java heap is
#     placed in the first 4GB address space. The Java Heap base address is the
#     maximum limit for the native heap growth. Please use -XX:HeapBaseMinAddress
#     to set the Java Heap base and to place the Java Heap above 4GB virtual address.
# This output file may be truncated or incomplete.
#
#  Out of Memory Error (virtualSpaceNode.cpp:110), pid=8356, tid=8860
#
# JRE version: OpenJDK Runtime Environment Temurin-17.0.3+7 (17.0.3+7) (build 17.0.3+7)
# Java VM: OpenJDK 64-Bit Server VM Temurin-17.0.3+7 (17.0.3+7, mixed mode, tiered, compressed oops, compressed class ptrs, g1 gc, windows-amd64)
# No core dump will be written. Minidumps are not enabled by default on client versions of Windows
#

---------------  S U M M A R Y ------------

Command Line: -Dfile.encoding=UTF-8 --module-path=C:\Users\CS219-user\eclipse-workspace\FitnessAplicationForYou\bin;C:\JavaFX\javafx-sdk-16\lib\javafx-swt.jar;C:\JavaFX\javafx-sdk-16\lib\javafx.base.jar;C:\JavaFX\javafx-sdk-16\lib\javafx.controls.jar;C:\JavaFX\javafx-sdk-16\lib\javafx.fxml.jar;C:\JavaFX\javafx-sdk-16\lib\javafx.graphics.jar;C:\JavaFX\javafx-sdk-16\lib\javafx.media.jar;C:\JavaFX\javafx-sdk-16\lib\javafx.swing.jar;C:\JavaFX\javafx-sdk-16\lib\javafx.web.jar;C:\Program Files\Eclipse\plugins\org.eclipse.fx.ide.css.jfx8_3.8.0.202204150904.jar -XX:+ShowCodeDetailsInExceptionMessages -Djdk.module.main=FitnessAplicationForYou FitnessAplicationForYou/application.CaloriesBurned

Host: Intel(R) Xeon(R) Platinum 8272CL CPU @ 2.60GHz, 2 cores, 3G,  Windows 11 , 64 bit Build 22000 (10.0.22000.708)
Time: Wed Nov 23 02:33:31 2022 Coordinated Universal Time elapsed time: 1.055053 seconds (0d 0h 0m 1s)

---------------  T H R E A D  ---------------

Current thread (0x0000019ea248e640):  JavaThread "main" [_thread_in_vm, id=8860, stack(0x000000426ed00000,0x000000426ee00000)]

Stack: [0x000000426ed00000,0x000000426ee00000]
Native frames: (J=compiled Java code, j=interpreted, Vv=VM code, C=native code)
V  [jvm.dll+0x675efa]
V  [jvm.dll+0x830a24]
V  [jvm.dll+0x8321ce]
V  [jvm.dll+0x832833]
V  [jvm.dll+0x2454b5]
V  [jvm.dll+0x82c9cb]
V  [jvm.dll+0x61ab26]
V  [jvm.dll+0x1c046e]
V  [jvm.dll+0x61d471]
V  [jvm.dll+0x61b4c6]
V  [jvm.dll+0x23ae70]
V  [jvm.dll+0x1eab7d]
V  [jvm.dll+0x1e05b1]
V  [jvm.dll+0x53bb80]
V  [jvm.dll+0x7aba28]
V  [jvm.dll+0x7abb14]
V  [jvm.dll+0x40c7c5]
V  [jvm.dll+0x4129b8]
C  [java.dll+0x17ec]

Java frames: (J=compiled Java code, j=interpreted, Vv=VM code)
j  java.lang.ClassLoader.defineClass1(Ljava/lang/ClassLoader;Ljava/lang/String;[BIILjava/security/ProtectionDomain;Ljava/lang/String;)Ljava/lang/Class;+0 java.base@17.0.3
j  java.lang.ClassLoader.defineClass(Ljava/lang/String;[BIILjava/security/ProtectionDomain;)Ljava/lang/Class;+27 java.base@17.0.3
j  java.lang.ClassLoader.defineClass(Ljava/lang/String;Ljava/nio/ByteBuffer;Ljava/security/ProtectionDomain;)Ljava/lang/Class;+38 java.base@17.0.3
j  java.security.SecureClassLoader.defineClass(Ljava/lang/String;Ljava/nio/ByteBuffer;Ljava/security/CodeSource;)Ljava/lang/Class;+8 java.base@17.0.3
j  jdk.internal.loader.BuiltinClassLoader.defineClass(Ljava/lang/String;Ljdk/internal/loader/BuiltinClassLoader$LoadedModule;)Ljava/lang/Class;+127 java.base@17.0.3
J 715 c1 jdk.internal.loader.BuiltinClassLoader.findClassInModuleOrNull(Ljdk/internal/loader/BuiltinClassLoader$LoadedModule;Ljava/lang/String;)Ljava/lang/Class; java.base@17.0.3 (30 bytes) @ 0x0000019ea79af49c [0x0000019ea79aefc0+0x00000000000004dc]
j  jdk.internal.loader.BuiltinClassLoader.loadClassOrNull(Ljava/lang/String;Z)Ljava/lang/Class;+55 java.base@17.0.3
J 636 c1 jdk.internal.loader.ClassLoaders$AppClassLoader.loadClass(Ljava/lang/String;Z)Ljava/lang/Class; java.base@17.0.3 (40 bytes) @ 0x0000019ea798a4f4 [0x0000019ea7989ee0+0x0000000000000614]
J 635 c1 java.lang.ClassLoader.loadClass(Ljava/lang/String;)Ljava/lang/Class; java.base@17.0.3 (7 bytes) @ 0x0000019ea7989b3c [0x0000019ea7989a40+0x00000000000000fc]
v  ~StubRoutines::call_stub
j  java.lang.Class.getDeclaredMethods0(Z)[Ljava/lang/reflect/Method;+0 java.base@17.0.3
j  java.lang.Class.privateGetDeclaredMethods(Z)[Ljava/lang/reflect/Method;+34 java.base@17.0.3
j  java.lang.Class.getMethodsRecursive(Ljava/lang/String;[Ljava/lang/Class;Z)Ljava/lang/PublicMethods$MethodList;+2 java.base@17.0.3
j  java.lang.Class.getMethod0(Ljava/lang/String;[Ljava/lang/Class;)Ljava/lang/reflect/Method;+14 java.base@17.0.3
j  java.lang.Class.getMethod(Ljava/lang/String;[Ljava/lang/Class;)Ljava/lang/reflect/Method;+26 java.base@17.0.3
j  com.sun.javafx.application.LauncherImpl.launchApplicationWithArgs(Lcom/sun/javafx/application/ModuleAccess;Ljava/lang/String;Ljava/lang/String;[Ljava/lang/String;)V+110 javafx.graphics
j  com.sun.javafx.application.LauncherImpl.launchApplication(Ljava/lang/String;Ljava/lang/String;[Ljava/lang/String;)V+483 javafx.graphics
v  ~StubRoutines::call_stub
j  jdk.internal.reflect.NativeMethodAccessorImpl.invoke0(Ljava/lang/reflect/Method;Ljava/lang/Object;[Ljava/lang/Object;)Ljava/lang/Object;+0 java.base@17.0.3
j  jdk.internal.reflect.NativeMethodAccessorImpl.invoke(Ljava/lang/Object;[Ljava/lang/Object;)Ljava/lang/Object;+133 java.base@17.0.3
j  jdk.internal.reflect.DelegatingMethodAccessorImpl.invoke(Ljava/lang/Object;[Ljava/lang/Object;)Ljava/lang/Object;+6 java.base@17.0.3
j  java.lang.reflect.Method.invoke(Ljava/lang/Object;[Ljava/lang/Object;)Ljava/lang/Object;+59 java.base@17.0.3
j  sun.launcher.LauncherHelper$FXHelper.main([Ljava/lang/String;)V+52 java.base@17.0.3
v  ~StubRoutines::call_stub

---------------  P R O C E S S  ---------------

Threads class SMR info:
_java_thread_list=0x0000019ebc552010, length=16, elements={
0x0000019ea248e640, 0x0000019ebb104010, 0x0000019ebb1055e0, 0x0000019ebb0d4c80,
0x0000019ebb11bfb0, 0x0000019ebb11c870, 0x0000019ebb11d130, 0x0000019ebb11dd20,
0x0000019ebb177860, 0x0000019ebb17c530, 0x0000019ea256cf70, 0x0000019ebc5c0390,
0x0000019ebc439da0, 0x0000019ebc1d5040, 0x0000019ebc1d5510, 0x0000019ebc568650
}

Java Threads: ( => current thread )
=>0x0000019ea248e640 JavaThread "main" [_thread_in_vm, id=8860, stack(0x000000426ed00000,0x000000426ee00000)]
  0x0000019ebb104010 JavaThread "Reference Handler" daemon [_thread_blocked, id=6572, stack(0x000000426f400000,0x000000426f500000)]
  0x0000019ebb1055e0 JavaThread "Finalizer" daemon [_thread_blocked, id=9344, stack(0x000000426f500000,0x000000426f600000)]
  0x0000019ebb0d4c80 JavaThread "Signal Dispatcher" daemon [_thread_blocked, id=4616, stack(0x000000426f600000,0x000000426f700000)]
  0x0000019ebb11bfb0 JavaThread "Attach Listener" daemon [_thread_blocked, id=8504, stack(0x000000426f700000,0x000000426f800000)]
  0x0000019ebb11c870 JavaThread "Service Thread" daemon [_thread_blocked, id=9764, stack(0x000000426f800000,0x000000426f900000)]
  0x0000019ebb11d130 JavaThread "Monitor Deflation Thread" daemon [_thread_blocked, id=5464, stack(0x000000426f900000,0x000000426fa00000)]
  0x0000019ebb11dd20 JavaThread "C2 CompilerThread0" daemon [_thread_in_native, id=4192, stack(0x000000426fa00000,0x000000426fb00000)]
  0x0000019ebb177860 JavaThread "C1 CompilerThread0" daemon [_thread_blocked, id=6480, stack(0x000000426fb00000,0x000000426fc00000)]
  0x0000019ebb17c530 JavaThread "Sweeper thread" daemon [_thread_blocked, id=9760, stack(0x000000426fc00000,0x000000426fd00000)]
  0x0000019ea256cf70 JavaThread "Common-Cleaner" daemon [_thread_blocked, id=8180, stack(0x000000426fd00000,0x000000426fe00000)]
  0x0000019ebc5c0390 JavaThread "Notification Thread" daemon [_thread_blocked, id=9748, stack(0x000000426ff00000,0x0000004270000000)]
  0x0000019ebc439da0 JavaThread "QuantumRenderer-0" daemon [_thread_blocked, id=9836, stack(0x0000004270100000,0x0000004270200000)]
  0x0000019ebc1d5040 JavaThread "InvokeLaterDispatcher" daemon [_thread_blocked, id=9744, stack(0x0000004270200000,0x0000004270300000)]
  0x0000019ebc1d5510 JavaThread "JavaFX Application Thread" [_thread_in_vm, id=9716, stack(0x0000004270300000,0x0000004270400000)]
  0x0000019ebc568650 JavaThread "Thread-1" daemon [_thread_in_native, id=9356, stack(0x0000004270400000,0x0000004270500000)]

Other Threads:
  0x0000019ebb0eda20 VMThread "VM Thread" [stack: 0x000000426f300000,0x000000426f400000] [id=8744]
  0x0000019ea248f6d0 WatcherThread [stack: 0x0000004270000000,0x0000004270100000] [id=9912]
  0x0000019ea24ca890 GCTaskThread "GC Thread#0" [stack: 0x000000426ee00000,0x000000426ef00000] [id=9708]
  0x0000019ebc0f8ff0 GCTaskThread "GC Thread#1" [stack: 0x000000426fe00000,0x000000426ff00000] [id=5912]
  0x0000019ea24d37d0 ConcurrentGCThread "G1 Main Marker" [stack: 0x000000426ef00000,0x000000426f000000] [id=7544]
  0x0000019ea24d4ae0 ConcurrentGCThread "G1 Conc#0" [stack: 0x000000426f000000,0x000000426f100000] [id=5124]
  0x0000019ea25195d0 ConcurrentGCThread "G1 Refine#0" [stack: 0x000000426f100000,0x000000426f200000] [id=8612]
  0x0000019ea2519ff0 ConcurrentGCThread "G1 Service" [stack: 0x000000426f200000,0x000000426f300000] [id=6848]

Threads with active compile tasks:
C2 CompilerThread0     1187  736       4       java.lang.String::replace (42 bytes)

VM state: not at safepoint (normal execution)

VM Mutex/Monitor currently owned by a thread:  ([mutex/lock_event])
[0x0000019ea24873f0] Metaspace_lock - owner thread: 0x0000019ea248e640

Heap address: 0x00000000c0000000, size: 1024 MB, Compressed Oops mode: 32-bit

CDS archive(s) not mapped
Compressed class space mapped at: 0x0000000100000000-0x0000000140000000, reserved size: 1073741824
Narrow klass base: 0x0000000000000000, Narrow klass shift: 3, Narrow klass range: 0x140000000

GC Precious Log:
 CPUs: 2 total, 2 available
 Memory: 4094M
 Large Page Support: Disabled
 NUMA Support: Disabled
 Compressed Oops: Enabled (32-bit)
 Heap Region Size: 1M
 Heap Min Capacity: 8M
 Heap Initial Capacity: 64M
 Heap Max Capacity: 1G
 Pre-touch: Disabled
 Parallel Workers: 2
 Concurrent Workers: 1
 Concurrent Refinement Workers: 2
 Periodic GC: Disabled

Heap:
 garbage-first heap   total 65536K, used 2693K [0x00000000c0000000, 0x0000000100000000)
  region size 1024K, 4 young (4096K), 1 survivors (1024K)
 Metaspace       used 9985K, committed 10112K, reserved 1064960K
  class space    used 976K, committed 1024K, reserved 1048576K

Heap Regions: E=young(eden), S=young(survivor), O=old, HS=humongous(starts), HC=humongous(continues), CS=collection set, F=free, OA=open archive, CA=closed archive, TAMS=top-at-mark-start (previous, next)
|   0|0x00000000c0000000, 0x00000000c00a3e00, 0x00000000c0100000| 64%| O|  |TAMS 0x00000000c0000000, 0x00000000c0000000| Untracked 
|   1|0x00000000c0100000, 0x00000000c0100000, 0x00000000c0200000|  0%| F|  |TAMS 0x00000000c0100000, 0x00000000c0100000| Untracked 
|   2|0x00000000c0200000, 0x00000000c0200000, 0x00000000c0300000|  0%| F|  |TAMS 0x00000000c0200000, 0x00000000c0200000| Untracked 
|   3|0x00000000c0300000, 0x00000000c0300000, 0x00000000c0400000|  0%| F|  |TAMS 0x00000000c0300000, 0x00000000c0300000| Untracked 
|   4|0x00000000c0400000, 0x00000000c0400000, 0x00000000c0500000|  0%| F|  |TAMS 0x00000000c0400000, 0x00000000c0400000| Untracked 
|   5|0x00000000c0500000, 0x00000000c0500000, 0x00000000c0600000|  0%| F|  |TAMS 0x00000000c0500000, 0x00000000c0500000| Untracked 
|   6|0x00000000c0600000, 0x00000000c0600000, 0x00000000c0700000|  0%| F|  |TAMS 0x00000000c0600000, 0x00000000c0600000| Untracked 
|   7|0x00000000c0700000, 0x00000000c0700000, 0x00000000c0800000|  0%| F|  |TAMS 0x00000000c0700000, 0x00000000c0700000| Untracked 
|   8|0x00000000c0800000, 0x00000000c0800000, 0x00000000c0900000|  0%| F|  |TAMS 0x00000000c0800000, 0x00000000c0800000| Untracked 
|   9|0x00000000c0900000, 0x00000000c0900000, 0x00000000c0a00000|  0%| F|  |TAMS 0x00000000c0900000, 0x00000000c0900000| Untracked 
|  10|0x00000000c0a00000, 0x00000000c0a00000, 0x00000000c0b00000|  0%| F|  |TAMS 0x00000000c0a00000, 0x00000000c0a00000| Untracked 
|  11|0x00000000c0b00000, 0x00000000c0b00000, 0x00000000c0c00000|  0%| F|  |TAMS 0x00000000c0b00000, 0x00000000c0b00000| Untracked 
|  12|0x00000000c0c00000, 0x00000000c0c00000, 0x00000000c0d00000|  0%| F|  |TAMS 0x00000000c0c00000, 0x00000000c0c00000| Untracked 
|  13|0x00000000c0d00000, 0x00000000c0d00000, 0x00000000c0e00000|  0%| F|  |TAMS 0x00000000c0d00000, 0x00000000c0d00000| Untracked 
|  14|0x00000000c0e00000, 0x00000000c0e00000, 0x00000000c0f00000|  0%| F|  |TAMS 0x00000000c0e00000, 0x00000000c0e00000| Untracked 
|  15|0x00000000c0f00000, 0x00000000c0f00000, 0x00000000c1000000|  0%| F|  |TAMS 0x00000000c0f00000, 0x00000000c0f00000| Untracked 
|  16|0x00000000c1000000, 0x00000000c1000000, 0x00000000c1100000|  0%| F|  |TAMS 0x00000000c1000000, 0x00000000c1000000| Untracked 
|  17|0x00000000c1100000, 0x00000000c1100000, 0x00000000c1200000|  0%| F|  |TAMS 0x00000000c1100000, 0x00000000c1100000| Untracked 
|  18|0x00000000c1200000, 0x00000000c1200000, 0x00000000c1300000|  0%| F|  |TAMS 0x00000000c1200000, 0x00000000c1200000| Untracked 
|  19|0x00000000c1300000, 0x00000000c1300000, 0x00000000c1400000|  0%| F|  |TAMS 0x00000000c1300000, 0x00000000c1300000| Untracked 
|  20|0x00000000c1400000, 0x00000000c1400000, 0x00000000c1500000|  0%| F|  |TAMS 0x00000000c1400000, 0x00000000c1400000| Untracked 
|  21|0x00000000c1500000, 0x00000000c1500000, 0x00000000c1600000|  0%| F|  |TAMS 0x00000000c1500000, 0x00000000c1500000| Untracked 
|  22|0x00000000c1600000, 0x00000000c1600000, 0x00000000c1700000|  0%| F|  |TAMS 0x00000000c1600000, 0x00000000c1600000| Untracked 
|  23|0x00000000c1700000, 0x00000000c1700000, 0x00000000c1800000|  0%| F|  |TAMS 0x00000000c1700000, 0x00000000c1700000| Untracked 
|  24|0x00000000c1800000, 0x00000000c1800000, 0x00000000c1900000|  0%| F|  |TAMS 0x00000000c1800000, 0x00000000c1800000| Untracked 
|  25|0x00000000c1900000, 0x00000000c1900000, 0x00000000c1a00000|  0%| F|  |TAMS 0x00000000c1900000, 0x00000000c1900000| Untracked 
|  26|0x00000000c1a00000, 0x00000000c1a00000, 0x00000000c1b00000|  0%| F|  |TAMS 0x00000000c1a00000, 0x00000000c1a00000| Untracked 
|  27|0x00000000c1b00000, 0x00000000c1b00000, 0x00000000c1c00000|  0%| F|  |TAMS 0x00000000c1b00000, 0x00000000c1b00000| Untracked 
|  28|0x00000000c1c00000, 0x00000000c1c00000, 0x00000000c1d00000|  0%| F|  |TAMS 0x00000000c1c00000, 0x00000000c1c00000| Untracked 
|  29|0x00000000c1d00000, 0x00000000c1d00000, 0x00000000c1e00000|  0%| F|  |TAMS 0x00000000c1d00000, 0x00000000c1d00000| Untracked 
|  30|0x00000000c1e00000, 0x00000000c1e00000, 0x00000000c1f00000|  0%| F|  |TAMS 0x00000000c1e00000, 0x00000000c1e00000| Untracked 
|  31|0x00000000c1f00000, 0x00000000c1f00000, 0x00000000c2000000|  0%| F|  |TAMS 0x00000000c1f00000, 0x00000000c1f00000| Untracked 
|  32|0x00000000c2000000, 0x00000000c2000000, 0x00000000c2100000|  0%| F|  |TAMS 0x00000000c2000000, 0x00000000c2000000| Untracked 
|  33|0x00000000c2100000, 0x00000000c2100000, 0x00000000c2200000|  0%| F|  |TAMS 0x00000000c2100000, 0x00000000c2100000| Untracked 
|  34|0x00000000c2200000, 0x00000000c2200000, 0x00000000c2300000|  0%| F|  |TAMS 0x00000000c2200000, 0x00000000c2200000| Untracked 
|  35|0x00000000c2300000, 0x00000000c2300000, 0x00000000c2400000|  0%| F|  |TAMS 0x00000000c2300000, 0x00000000c2300000| Untracked 
|  36|0x00000000c2400000, 0x00000000c2400000, 0x00000000c2500000|  0%| F|  |TAMS 0x00000000c2400000, 0x00000000c2400000| Untracked 
|  37|0x00000000c2500000, 0x00000000c2500000, 0x00000000c2600000|  0%| F|  |TAMS 0x00000000c2500000, 0x00000000c2500000| Untracked 
|  38|0x00000000c2600000, 0x00000000c2600000, 0x00000000c2700000|  0%| F|  |TAMS 0x00000000c2600000, 0x00000000c2600000| Untracked 
|  39|0x00000000c2700000, 0x00000000c2700000, 0x00000000c2800000|  0%| F|  |TAMS 0x00000000c2700000, 0x00000000c2700000| Untracked 
|  40|0x00000000c2800000, 0x00000000c2800000, 0x00000000c2900000|  0%| F|  |TAMS 0x00000000c2800000, 0x00000000c2800000| Untracked 
|  41|0x00000000c2900000, 0x00000000c2900000, 0x00000000c2a00000|  0%| F|  |TAMS 0x00000000c2900000, 0x00000000c2900000| Untracked 
|  42|0x00000000c2a00000, 0x00000000c2a00000, 0x00000000c2b00000|  0%| F|  |TAMS 0x00000000c2a00000, 0x00000000c2a00000| Untracked 
|  43|0x00000000c2b00000, 0x00000000c2b00000, 0x00000000c2c00000|  0%| F|  |TAMS 0x00000000c2b00000, 0x00000000c2b00000| Untracked 
|  44|0x00000000c2c00000, 0x00000000c2c00000, 0x00000000c2d00000|  0%| F|  |TAMS 0x00000000c2c00000, 0x00000000c2c00000| Untracked 
|  45|0x00000000c2d00000, 0x00000000c2d00000, 0x00000000c2e00000|  0%| F|  |TAMS 0x00000000c2d00000, 0x00000000c2d00000| Untracked 
|  46|0x00000000c2e00000, 0x00000000c2e00000, 0x00000000c2f00000|  0%| F|  |TAMS 0x00000000c2e00000, 0x00000000c2e00000| Untracked 
|  47|0x00000000c2f00000, 0x00000000c2f00000, 0x00000000c3000000|  0%| F|  |TAMS 0x00000000c2f00000, 0x00000000c2f00000| Untracked 
|  48|0x00000000c3000000, 0x00000000c3000000, 0x00000000c3100000|  0%| F|  |TAMS 0x00000000c3000000, 0x00000000c3000000| Untracked 
|  49|0x00000000c3100000, 0x00000000c3100000, 0x00000000c3200000|  0%| F|  |TAMS 0x00000000c3100000, 0x00000000c3100000| Untracked 
|  50|0x00000000c3200000, 0x00000000c3200000, 0x00000000c3300000|  0%| F|  |TAMS 0x00000000c3200000, 0x00000000c3200000| Untracked 
|  51|0x00000000c3300000, 0x00000000c3300000, 0x00000000c3400000|  0%| F|  |TAMS 0x00000000c3300000, 0x00000000c3300000| Untracked 
|  52|0x00000000c3400000, 0x00000000c3400000, 0x00000000c3500000|  0%| F|  |TAMS 0x00000000c3400000, 0x00000000c3400000| Untracked 
|  53|0x00000000c3500000, 0x00000000c3500000, 0x00000000c3600000|  0%| F|  |TAMS 0x00000000c3500000, 0x00000000c3500000| Untracked 
|  54|0x00000000c3600000, 0x00000000c3600000, 0x00000000c3700000|  0%| F|  |TAMS 0x00000000c3600000, 0x00000000c3600000| Untracked 
|  55|0x00000000c3700000, 0x00000000c37fd6e8, 0x00000000c3800000| 98%| S|CS|TAMS 0x00000000c3700000, 0x00000000c3700000| Complete 
|  56|0x00000000c3800000, 0x00000000c3800000, 0x00000000c3900000|  0%| F|  |TAMS 0x00000000c3800000, 0x00000000c3800000| Untracked 
|  57|0x00000000c3900000, 0x00000000c3900000, 0x00000000c3a00000|  0%| F|  |TAMS 0x00000000c3900000, 0x00000000c3900000| Untracked 
|  58|0x00000000c3a00000, 0x00000000c3a00000, 0x00000000c3b00000|  0%| F|  |TAMS 0x00000000c3a00000, 0x00000000c3a00000| Untracked 
|  59|0x00000000c3b00000, 0x00000000c3b00000, 0x00000000c3c00000|  0%| F|  |TAMS 0x00000000c3b00000, 0x00000000c3b00000| Untracked 
|  60|0x00000000c3c00000, 0x00000000c3c00000, 0x00000000c3d00000|  0%| F|  |TAMS 0x00000000c3c00000, 0x00000000c3c00000| Untracked 
|  61|0x00000000c3d00000, 0x00000000c3d23eb8, 0x00000000c3e00000| 14%| E|  |TAMS 0x00000000c3d00000, 0x00000000c3d00000| Complete 
|  62|0x00000000c3e00000, 0x00000000c3ef6f00, 0x00000000c3f00000| 96%| E|  |TAMS 0x00000000c3e00000, 0x00000000c3e00000| Complete 
|  63|0x00000000c3f00000, 0x00000000c4000000, 0x00000000c4000000|100%| E|CS|TAMS 0x00000000c3f00000, 0x00000000c3f00000| Complete 

Card table byte_map: [0x0000019eb6930000,0x0000019eb6b30000] _byte_map_base: 0x0000019eb6330000

Marking Bits (Prev, Next): (CMBitMap*) 0x0000019ea24caea0, (CMBitMap*) 0x0000019ea24caee0
 Prev Bits: [0x0000019eb6d30000, 0x0000019eb7d30000)
 Next Bits: [0x0000019eb7d30000, 0x0000019eb8d30000)

Polling page: 0x0000019ea7300000

Metaspace:

Usage:
  Non-class:      8.80 MB used.
      Class:    976.81 KB used.
       Both:      9.75 MB used.

Virtual space:
  Non-class space:       16.00 MB reserved,       8.88 MB ( 55%) committed,  2 nodes.
      Class space:        1.00 GB reserved,       1.00 MB ( <1%) committed,  1 nodes.
             Both:        1.02 GB reserved,       9.88 MB ( <1%) committed. 

Chunk freelists:
   Non-Class:  2.43 MB
       Class:  3.00 MB
        Both:  5.43 MB

MaxMetaspaceSize: unlimited
CompressedClassSpaceSize: 1.00 GB
Initial GC threshold: 21.00 MB
Current GC threshold: 21.00 MB
CDS: off
MetaspaceReclaimPolicy: balanced
 - commit_granule_bytes: 65536.
 - commit_granule_words: 8192.
 - virtual_space_node_default_size: 1048576.
 - enlarge_chunks_in_place: 1.
 - new_chunks_are_fully_committed: 0.
 - uncommit_free_chunks: 1.
 - use_allocation_guard: 0.
 - handle_deallocations: 1.


Internal statistics:

num_allocs_failed_limit: 0.
num_arena_births: 86.
num_arena_deaths: 0.
num_vsnodes_births: 3.
num_vsnodes_deaths: 0.
num_space_committed: 158.
num_space_uncommitted: 0.
num_chunks_returned_to_freelist: 0.
num_chunks_taken_from_freelist: 192.
num_chunk_merges: 0.
num_chunk_splits: 121.
num_chunks_enlarged: 90.
num_purges: 0.
num_inconsistent_stats: 0.

CodeHeap 'non-profiled nmethods': size=120064Kb used=210Kb max_used=210Kb free=119853Kb
 bounds [0x0000019eaede0000, 0x0000019eaf050000, 0x0000019eb6320000]
CodeHeap 'profiled nmethods': size=120000Kb used=1080Kb max_used=1080Kb free=118919Kb
 bounds [0x0000019ea78b0000, 0x0000019ea7b20000, 0x0000019eaede0000]
CodeHeap 'non-nmethods': size=5696Kb used=1204Kb max_used=1218Kb free=4491Kb
 bounds [0x0000019ea7320000, 0x0000019ea7590000, 0x0000019ea78b0000]
 total_blobs=1232 nmethods=737 adapters=408
 compilation: enabled
              stopped_count=0, restarted_count=0
 full_count=0

Compilation events (20 events):
Event: 1.032 Thread 0x0000019ebb177860 nmethod 728 0x0000019ea79b7b10 code [0x0000019ea79b7f40, 0x0000019ea79b9a08]
Event: 1.032 Thread 0x0000019ebb177860  731       3       jdk.internal.org.objectweb.asm.MethodWriter::visitInsn (115 bytes)
Event: 1.032 Thread 0x0000019ebb177860 nmethod 731 0x0000019ea79ba290 code [0x0000019ea79ba460, 0x0000019ea79ba888]
Event: 1.032 Thread 0x0000019ebb177860  730       3       jdk.internal.org.objectweb.asm.Frame::push (59 bytes)
Event: 1.032 Thread 0x0000019ebb177860 nmethod 730 0x0000019ea79baa10 code [0x0000019ea79bac40, 0x0000019ea79bb398]
Event: 1.033 Thread 0x0000019ebb177860  729       3       jdk.internal.org.objectweb.asm.MethodWriter::visitCode (1 bytes)
Event: 1.033 Thread 0x0000019ebb177860 nmethod 729 0x0000019ea79bb690 code [0x0000019ea79bb820, 0x0000019ea79bb938]
Event: 1.034 Thread 0x0000019ebb177860  732       3       java.util.AbstractList::<init> (10 bytes)
Event: 1.034 Thread 0x0000019ebb177860 nmethod 732 0x0000019ea79bba10 code [0x0000019ea79bbbc0, 0x0000019ea79bbd98]
Event: 1.034 Thread 0x0000019ebb177860  733       3       jdk.internal.org.objectweb.asm.Label::resolve (219 bytes)
Event: 1.035 Thread 0x0000019ebb177860 nmethod 733 0x0000019ea79bbe90 code [0x0000019ea79bc060, 0x0000019ea79bc598]
Event: 1.035 Thread 0x0000019ebb11dd20  734       4       java.lang.String::indexOf (29 bytes)
Event: 1.035 Thread 0x0000019ebb177860  735       3       jdk.internal.org.objectweb.asm.Frame::pop (53 bytes)
Event: 1.036 Thread 0x0000019ebb177860 nmethod 735 0x0000019ea79bc890 code [0x0000019ea79bcae0, 0x0000019ea79bd258]
Event: 1.037 Thread 0x0000019ebb11dd20 nmethod 734 0x0000019eaee14090 code [0x0000019eaee14220, 0x0000019eaee14438]
Event: 1.037 Thread 0x0000019ebb11dd20  736       4       java.lang.String::replace (42 bytes)
Event: 1.039 Thread 0x0000019ebb177860  738       3       java.lang.invoke.MethodTypeForm::cachedLambdaForm (23 bytes)
Event: 1.039 Thread 0x0000019ebb177860 nmethod 738 0x0000019ea79bd590 code [0x0000019ea79bd740, 0x0000019ea79bda88]
Event: 1.039 Thread 0x0000019ebb177860  739       3       java.lang.invoke.DirectMethodHandle::maybeCompile (24 bytes)
Event: 1.039 Thread 0x0000019ebb177860 nmethod 739 0x0000019ea79bdb90 code [0x0000019ea79bdd40, 0x0000019ea79bdf58]

GC Heap History (4 events):
Event: 0.485 GC heap before
{Heap before GC invocations=0 (full 0):
 garbage-first heap   total 65536K, used 5120K [0x00000000c0000000, 0x0000000100000000)
  region size 1024K, 6 young (6144K), 0 survivors (0K)
 Metaspace       used 6449K, committed 6528K, reserved 1056768K
  class space    used 568K, committed 576K, reserved 1048576K
}
Event: 0.491 GC heap after
{Heap after GC invocations=1 (full 0):
 garbage-first heap   total 65536K, used 676K [0x00000000c0000000, 0x0000000100000000)
  region size 1024K, 1 young (1024K), 1 survivors (1024K)
 Metaspace       used 6449K, committed 6528K, reserved 1056768K
  class space    used 568K, committed 576K, reserved 1048576K
}
Event: 0.982 GC heap before
{Heap before GC invocations=1 (full 0):
 garbage-first heap   total 65536K, used 6820K [0x00000000c0000000, 0x0000000100000000)
  region size 1024K, 8 young (8192K), 1 survivors (1024K)
 Metaspace       used 9414K, committed 9536K, reserved 1064960K
  class space    used 893K, committed 960K, reserved 1048576K
}
Event: 0.986 GC heap after
{Heap after GC invocations=2 (full 0):
 garbage-first heap   total 65536K, used 1669K [0x00000000c0000000, 0x0000000100000000)
  region size 1024K, 1 young (1024K), 1 survivors (1024K)
 Metaspace       used 9414K, committed 9536K, reserved 1064960K
  class space    used 893K, committed 960K, reserved 1048576K
}

Deoptimization events (20 events):
Event: 0.552 Thread 0x0000019ea248e640 Uncommon trap: trap_request=0xffffff45 fr.pc=0x0000019eaede8a78 relative=0x0000000000000078
Event: 0.552 Thread 0x0000019ea248e640 Uncommon trap: reason=unstable_if action=reinterpret pc=0x0000019eaede8a78 method=java.lang.String.isLatin1()Z @ 10 c2
Event: 0.552 Thread 0x0000019ea248e640 DEOPT PACKING pc=0x0000019eaede8a78 sp=0x000000426edff1d0
Event: 0.552 Thread 0x0000019ea248e640 DEOPT UNPACKING pc=0x0000019ea7375c23 sp=0x000000426edff110 mode 2
Event: 0.922 Thread 0x0000019ea248e640 Uncommon trap: trap_request=0xffffffde fr.pc=0x0000019eaee110c4 relative=0x0000000000000124
Event: 0.922 Thread 0x0000019ea248e640 Uncommon trap: reason=class_check action=maybe_recompile pc=0x0000019eaee110c4 method=jdk.internal.misc.Unsafe.allocateUninitializedArray(Ljava/lang/Class;I)Ljava/lang/Object; @ 51 c2
Event: 0.922 Thread 0x0000019ea248e640 DEOPT PACKING pc=0x0000019eaee110c4 sp=0x000000426edfd710
Event: 0.922 Thread 0x0000019ea248e640 DEOPT UNPACKING pc=0x0000019ea7375c23 sp=0x000000426edfd698 mode 2
Event: 0.922 Thread 0x0000019ea248e640 Uncommon trap: trap_request=0xffffffde fr.pc=0x0000019eaee110c4 relative=0x0000000000000124
Event: 0.922 Thread 0x0000019ea248e640 Uncommon trap: reason=class_check action=maybe_recompile pc=0x0000019eaee110c4 method=jdk.internal.misc.Unsafe.allocateUninitializedArray(Ljava/lang/Class;I)Ljava/lang/Object; @ 51 c2
Event: 0.922 Thread 0x0000019ea248e640 DEOPT PACKING pc=0x0000019eaee110c4 sp=0x000000426edfd710
Event: 0.922 Thread 0x0000019ea248e640 DEOPT UNPACKING pc=0x0000019ea7375c23 sp=0x000000426edfd698 mode 2
Event: 0.922 Thread 0x0000019ea248e640 Uncommon trap: trap_request=0xffffffde fr.pc=0x0000019eaee110c4 relative=0x0000000000000124
Event: 0.922 Thread 0x0000019ea248e640 Uncommon trap: reason=class_check action=maybe_recompile pc=0x0000019eaee110c4 method=jdk.internal.misc.Unsafe.allocateUninitializedArray(Ljava/lang/Class;I)Ljava/lang/Object; @ 51 c2
Event: 0.922 Thread 0x0000019ea248e640 DEOPT PACKING pc=0x0000019eaee110c4 sp=0x000000426edfd720
Event: 0.922 Thread 0x0000019ea248e640 DEOPT UNPACKING pc=0x0000019ea7375c23 sp=0x000000426edfd6a8 mode 2
Event: 0.922 Thread 0x0000019ea248e640 Uncommon trap: trap_request=0xffffffde fr.pc=0x0000019eaee110c4 relative=0x0000000000000124
Event: 0.922 Thread 0x0000019ea248e640 Uncommon trap: reason=class_check action=maybe_recompile pc=0x0000019eaee110c4 method=jdk.internal.misc.Unsafe.allocateUninitializedArray(Ljava/lang/Class;I)Ljava/lang/Object; @ 51 c2
Event: 0.922 Thread 0x0000019ea248e640 DEOPT PACKING pc=0x0000019eaee110c4 sp=0x000000426edfd510
Event: 0.922 Thread 0x0000019ea248e640 DEOPT UNPACKING pc=0x0000019ea7375c23 sp=0x000000426edfd498 mode 2

Classes unloaded (0 events):
No events

Classes redefined (0 events):
No events

Internal exceptions (10 events):
Event: 0.278 Thread 0x0000019ea248e640 Exception <a 'java/lang/NoSuchMethodError'{0x00000000c3feb3c0}: 'void java.lang.invoke.DirectMethodHandle$Holder.invokeVirtual(java.lang.Object, java.lang.Object)'> (0x00000000c3feb3c0) 
thrown [e:\jenkins\tmp\workspace\build\src\src\hotspot\share\interpreter\linkResolver.cpp, line 766]
Event: 0.575 Thread 0x0000019ea248e640 Exception <a 'java/lang/NoSuchMethodError'{0x00000000c3fff410}: 'java.lang.Object java.lang.invoke.DirectMethodHandle$Holder.invokeStaticInit(java.lang.Object)'> (0x00000000c3fff410) 
thrown [e:\jenkins\tmp\workspace\build\src\src\hotspot\share\interpreter\linkResolver.cpp, line 766]
Event: 0.578 Thread 0x0000019ea248e640 Exception <a 'java/lang/NoSuchMethodError'{0x00000000c3e0cd18}: 'void java.lang.invoke.DirectMethodHandle$Holder.invokeStatic(java.lang.Object, java.lang.Object)'> (0x00000000c3e0cd18) 
thrown [e:\jenkins\tmp\workspace\build\src\src\hotspot\share\interpreter\linkResolver.cpp, line 766]
Event: 0.817 Thread 0x0000019ea248e640 Exception <a 'java/lang/NoSuchMethodError'{0x00000000c3b28730}: 'void java.lang.invoke.DirectMethodHandle$Holder.invokeSpecial(java.lang.Object, java.lang.Object, java.lang.Object)'> (0x00000000c3b28730) 
thrown [e:\jenkins\tmp\workspace\build\src\src\hotspot\share\interpreter\linkResolver.cpp, line 766]
Event: 0.830 Thread 0x0000019ea248e640 Exception <a 'java/lang/NoSuchMethodError'{0x00000000c3b5fcd0}: 'void java.lang.invoke.DirectMethodHandle$Holder.invokeStatic(java.lang.Object, java.lang.Object, java.lang.Object)'> (0x00000000c3b5fcd0) 
thrown [e:\jenkins\tmp\workspace\build\src\src\hotspot\share\interpreter\linkResolver.cpp, line 766]
Event: 0.890 Thread 0x0000019ea248e640 Exception <a 'java/lang/NoSuchMethodError'{0x00000000c3be9c48}: 'int java.lang.invoke.DirectMethodHandle$Holder.invokeStaticInit(java.lang.Object, java.lang.Object, java.lang.Object)'> (0x00000000c3be9c48) 
thrown [e:\jenkins\tmp\workspace\build\src\src\hotspot\share\interpreter\linkResolver.cpp, line 766]
Event: 0.918 Thread 0x0000019ea248e640 Exception <a 'java/lang/NoSuchMethodError'{0x00000000c3aa0e58}: 'java.lang.Object java.lang.invoke.DirectMethodHandle$Holder.newInvokeSpecial(java.lang.Object, java.lang.Object, int, java.lang.Object)'> (0x00000000c3aa0e58) 
thrown [e:\jenkins\tmp\workspace\build\src\src\hotspot\share\interpreter\linkResolver.cpp, line 766]
Event: 0.919 Thread 0x0000019ea248e640 Exception <a 'java/lang/NoSuchMethodError'{0x00000000c3aa5238}: 'java.lang.Object java.lang.invoke.DirectMethodHandle$Holder.invokeSpecial(java.lang.Object, java.lang.Object, java.lang.Object, int, java.lang.Object)'> (0x00000000c3aa5238) 
thrown [e:\jenkins\tmp\workspace\build\src\src\hotspot\share\interpreter\linkResolver.cpp, line 766]
Event: 1.007 Thread 0x0000019ebc1d5510 Exception <a 'java/lang/NoSuchMethodError'{0x00000000c3e2b3e0}: 'void java.lang.invoke.DirectMethodHandle$Holder.invokeStaticInit(java.lang.Object)'> (0x00000000c3e2b3e0) 
thrown [e:\jenkins\tmp\workspace\build\src\src\hotspot\share\interpreter\linkResolver.cpp, line 766]
Event: 1.011 Thread 0x0000019ea248e640 Exception <a 'java/lang/NoSuchMethodError'{0x00000000c3e43248}: 'java.lang.Object java.lang.invoke.DirectMethodHandle$Holder.newInvokeSpecial(java.lang.Object, java.lang.Object, java.lang.Object, java.lang.Object, java.lang.Object, java.lang.Object)'> (0x00000000c3e43248) 
thrown [e:\jenkins\tmp\workspace\build\src\src\hotspot\share\interpreter\linkResolver.cpp, line 766]

VM Operations (8 events):
Event: 0.485 Executing VM operation: G1CollectForAllocation
Event: 0.491 Executing VM operation: G1CollectForAllocation done
Event: 0.495 Executing VM operation: HandshakeAllThreads
Event: 0.495 Executing VM operation: HandshakeAllThreads done
Event: 0.904 Executing VM operation: HandshakeAllThreads
Event: 0.904 Executing VM operation: HandshakeAllThreads done
Event: 0.982 Executing VM operation: G1CollectForAllocation
Event: 0.986 Executing VM operation: G1CollectForAllocation done

Events (20 events):
Event: 1.031 loading class java/lang/reflect/ProxyGenerator$PrimitiveTypeInfo done
Event: 1.031 loading class jdk/internal/org/objectweb/asm/Edge
Event: 1.031 loading class jdk/internal/org/objectweb/asm/Edge done
Event: 1.033 loading class java/lang/reflect/Proxy$ProxyBuilder$1
Event: 1.033 loading class java/lang/reflect/Proxy$ProxyBuilder$1 done
Event: 1.033 loading class java/lang/annotation/Target
Event: 1.033 loading class java/lang/annotation/Target done
Event: 1.035 Thread 0x0000019ebc568650 Thread added: 0x0000019ebc568650
Event: 1.036 loading class sun/reflect/generics/repository/ClassRepository
Event: 1.036 loading class sun/reflect/generics/repository/GenericDeclRepository
Event: 1.036 loading class sun/reflect/generics/repository/AbstractRepository
Event: 1.036 loading class sun/reflect/generics/repository/AbstractRepository done
Event: 1.036 loading class sun/reflect/generics/repository/GenericDeclRepository done
Event: 1.036 loading class sun/reflect/generics/repository/ClassRepository done
Event: 1.036 loading class java/lang/Class$EnclosingMethodInfo
Event: 1.037 loading class java/lang/Class$EnclosingMethodInfo done
Event: 1.037 loading class java/lang/Class$AnnotationData
Event: 1.037 loading class java/lang/Class$AnnotationData done
Event: 1.037 loading class java/util/Spliterators$ArraySpliterator
Event: 1.037 loading class java/util/Spliterators$ArraySpliterator done


Dynamic libraries:
0x00007ff72b5b0000 - 0x00007ff72b5be000 	C:\Program Files\Eclipse\plugins\org.eclipse.justj.openjdk.hotspot.jre.full.win32.x86_64_17.0.3.v20220515-1416\jre\bin\javaw.exe
0x00007ffe25600000 - 0x00007ffe25809000 	C:\Windows\SYSTEM32\ntdll.dll
0x00007ffe23d90000 - 0x00007ffe23e4d000 	C:\Windows\System32\KERNEL32.DLL
0x00007ffe22b80000 - 0x00007ffe22efb000 	C:\Windows\System32\KERNELBASE.dll
0x00007ffe22fa0000 - 0x00007ffe230b1000 	C:\Windows\System32\ucrtbase.dll
0x00007ffdda3c0000 - 0x00007ffdda3d8000 	C:\Program Files\Eclipse\plugins\org.eclipse.justj.openjdk.hotspot.jre.full.win32.x86_64_17.0.3.v20220515-1416\jre\bin\jli.dll
0x00007ffe24a80000 - 0x00007ffe24c2d000 	C:\Windows\System32\USER32.dll
0x00007ffe22b50000 - 0x00007ffe22b76000 	C:\Windows\System32\win32u.dll
0x00007ffe23480000 - 0x00007ffe234a9000 	C:\Windows\System32\GDI32.dll
0x00007ffe230c0000 - 0x00007ffe231d8000 	C:\Windows\System32\gdi32full.dll
0x00007ffe22f00000 - 0x00007ffe22f9d000 	C:\Windows\System32\msvcp_win.dll
0x00007ffe05cb0000 - 0x00007ffe05cc9000 	C:\Program Files\Eclipse\plugins\org.eclipse.justj.openjdk.hotspot.jre.full.win32.x86_64_17.0.3.v20220515-1416\jre\bin\VCRUNTIME140.dll
0x00007ffdfece0000 - 0x00007ffdfef85000 	C:\Windows\WinSxS\amd64_microsoft.windows.common-controls_6595b64144ccf1df_6.0.22000.120_none_9d947278b86cc467\COMCTL32.dll
0x00007ffe23e50000 - 0x00007ffe23ef3000 	C:\Windows\System32\msvcrt.dll
0x00007ffe23af0000 - 0x00007ffe23b21000 	C:\Windows\System32\IMM32.DLL
0x00007ffe03a40000 - 0x00007ffe03a4c000 	C:\Program Files\Eclipse\plugins\org.eclipse.justj.openjdk.hotspot.jre.full.win32.x86_64_17.0.3.v20220515-1416\jre\bin\vcruntime140_1.dll
0x00007ffdda320000 - 0x00007ffdda3b1000 	C:\Program Files\Eclipse\plugins\org.eclipse.justj.openjdk.hotspot.jre.full.win32.x86_64_17.0.3.v20220515-1416\jre\bin\msvcp140.dll
0x00007ffdd8b90000 - 0x00007ffdd97d8000 	C:\Program Files\Eclipse\plugins\org.eclipse.justj.openjdk.hotspot.jre.full.win32.x86_64_17.0.3.v20220515-1416\jre\bin\server\jvm.dll
0x00007ffe24900000 - 0x00007ffe249ae000 	C:\Windows\System32\ADVAPI32.dll
0x00007ffe23f00000 - 0x00007ffe23f9e000 	C:\Windows\System32\sechost.dll
0x00007ffe23730000 - 0x00007ffe23850000 	C:\Windows\System32\RPCRT4.dll
0x00007ffe24c30000 - 0x00007ffe24c38000 	C:\Windows\System32\PSAPI.DLL
0x00007ffe1a7e0000 - 0x00007ffe1a7e9000 	C:\Windows\SYSTEM32\WSOCK32.dll
0x00007ffe24a10000 - 0x00007ffe24a7f000 	C:\Windows\System32\WS2_32.dll
0x00007ffe19a80000 - 0x00007ffe19ab3000 	C:\Windows\SYSTEM32\WINMM.dll
0x00007ffe183d0000 - 0x00007ffe183da000 	C:\Windows\SYSTEM32\VERSION.dll
0x00007ffe21b50000 - 0x00007ffe21b68000 	C:\Windows\SYSTEM32\kernel.appcore.dll
0x00007ffe024e0000 - 0x00007ffe024ea000 	C:\Program Files\Eclipse\plugins\org.eclipse.justj.openjdk.hotspot.jre.full.win32.x86_64_17.0.3.v20220515-1416\jre\bin\jimage.dll
0x00007ffe15540000 - 0x00007ffe15761000 	C:\Windows\SYSTEM32\DBGHELP.DLL
0x00007ffe154e0000 - 0x00007ffe15511000 	C:\Windows\SYSTEM32\dbgcore.DLL
0x00007ffe22ad0000 - 0x00007ffe22b4f000 	C:\Windows\System32\bcryptPrimitives.dll
0x00007ffe024b0000 - 0x00007ffe024d5000 	C:\Program Files\Eclipse\plugins\org.eclipse.justj.openjdk.hotspot.jre.full.win32.x86_64_17.0.3.v20220515-1416\jre\bin\java.dll
0x00007ffe02490000 - 0x00007ffe024a8000 	C:\Program Files\Eclipse\plugins\org.eclipse.justj.openjdk.hotspot.jre.full.win32.x86_64_17.0.3.v20220515-1416\jre\bin\zip.dll
0x00007ffe24e00000 - 0x00007ffe255b8000 	C:\Windows\System32\SHELL32.dll
0x00007ffe20bc0000 - 0x00007ffe21425000 	C:\Windows\SYSTEM32\windows.storage.dll
0x00007ffe24110000 - 0x00007ffe24487000 	C:\Windows\System32\combase.dll
0x00007ffe20a50000 - 0x00007ffe20bb6000 	C:\Windows\SYSTEM32\wintypes.dll
0x00007ffe23540000 - 0x00007ffe2362a000 	C:\Windows\System32\SHCORE.dll
0x00007ffe23d30000 - 0x00007ffe23d8d000 	C:\Windows\System32\shlwapi.dll
0x00007ffe22a00000 - 0x00007ffe22a21000 	C:\Windows\SYSTEM32\profapi.dll
0x00007ffe02470000 - 0x00007ffe02489000 	C:\Program Files\Eclipse\plugins\org.eclipse.justj.openjdk.hotspot.jre.full.win32.x86_64_17.0.3.v20220515-1416\jre\bin\net.dll
0x00007ffe1ac00000 - 0x00007ffe1ad0c000 	C:\Windows\SYSTEM32\WINHTTP.dll
0x00007ffe21ff0000 - 0x00007ffe22057000 	C:\Windows\system32\mswsock.dll
0x00007ffe02450000 - 0x00007ffe02465000 	C:\Program Files\Eclipse\plugins\org.eclipse.justj.openjdk.hotspot.jre.full.win32.x86_64_17.0.3.v20220515-1416\jre\bin\nio.dll
0x0000019ebb290000 - 0x0000019ebb293000 	C:\JavaFX\javafx-sdk-16\bin\api-ms-win-core-console-l1-1-0.dll
0x0000019ebb2a0000 - 0x0000019ebb2a3000 	C:\JavaFX\javafx-sdk-16\bin\api-ms-win-core-console-l1-2-0.dll
0x0000019ebb2b0000 - 0x0000019ebb2b3000 	C:\JavaFX\javafx-sdk-16\bin\api-ms-win-core-datetime-l1-1-0.dll
0x0000019ebb2c0000 - 0x0000019ebb2c3000 	C:\JavaFX\javafx-sdk-16\bin\api-ms-win-core-debug-l1-1-0.dll
0x0000019ebb2d0000 - 0x0000019ebb2d3000 	C:\JavaFX\javafx-sdk-16\bin\api-ms-win-core-errorhandling-l1-1-0.dll
0x0000019ebb2e0000 - 0x0000019ebb2e4000 	C:\JavaFX\javafx-sdk-16\bin\api-ms-win-core-file-l1-1-0.dll
0x0000019ebb2f0000 - 0x0000019ebb2f3000 	C:\JavaFX\javafx-sdk-16\bin\api-ms-win-core-file-l1-2-0.dll
0x0000019ebb300000 - 0x0000019ebb303000 	C:\JavaFX\javafx-sdk-16\bin\api-ms-win-core-file-l2-1-0.dll
0x0000019ebb310000 - 0x0000019ebb313000 	C:\JavaFX\javafx-sdk-16\bin\api-ms-win-core-handle-l1-1-0.dll
0x0000019ebb320000 - 0x0000019ebb323000 	C:\JavaFX\javafx-sdk-16\bin\api-ms-win-core-heap-l1-1-0.dll
0x0000019ebb330000 - 0x0000019ebb333000 	C:\JavaFX\javafx-sdk-16\bin\api-ms-win-core-interlocked-l1-1-0.dll
0x0000019ebb340000 - 0x0000019ebb343000 	C:\JavaFX\javafx-sdk-16\bin\api-ms-win-core-libraryloader-l1-1-0.dll
0x0000019ebb350000 - 0x0000019ebb353000 	C:\JavaFX\javafx-sdk-16\bin\api-ms-win-core-localization-l1-2-0.dll
0x0000019ebb360000 - 0x0000019ebb363000 	C:\JavaFX\javafx-sdk-16\bin\api-ms-win-core-memory-l1-1-0.dll
0x0000019ebb370000 - 0x0000019ebb373000 	C:\JavaFX\javafx-sdk-16\bin\api-ms-win-core-namedpipe-l1-1-0.dll
0x0000019ebb380000 - 0x0000019ebb383000 	C:\JavaFX\javafx-sdk-16\bin\api-ms-win-core-processenvironment-l1-1-0.dll
0x0000019ebb390000 - 0x0000019ebb393000 	C:\JavaFX\javafx-sdk-16\bin\api-ms-win-core-processthreads-l1-1-0.dll
0x0000019ebb3a0000 - 0x0000019ebb3a3000 	C:\JavaFX\javafx-sdk-16\bin\api-ms-win-core-processthreads-l1-1-1.dll
0x0000019ebb3b0000 - 0x0000019ebb3b3000 	C:\JavaFX\javafx-sdk-16\bin\api-ms-win-core-profile-l1-1-0.dll
0x0000019ebb3c0000 - 0x0000019ebb3c3000 	C:\JavaFX\javafx-sdk-16\bin\api-ms-win-core-rtlsupport-l1-1-0.dll
0x0000019ebb3d0000 - 0x0000019ebb3d3000 	C:\JavaFX\javafx-sdk-16\bin\api-ms-win-core-string-l1-1-0.dll
0x0000019ebb3e0000 - 0x0000019ebb3e3000 	C:\JavaFX\javafx-sdk-16\bin\api-ms-win-core-synch-l1-1-0.dll
0x0000019ebb3f0000 - 0x0000019ebb3f3000 	C:\JavaFX\javafx-sdk-16\bin\api-ms-win-core-synch-l1-2-0.dll
0x0000019ebc800000 - 0x0000019ebc803000 	C:\JavaFX\javafx-sdk-16\bin\api-ms-win-core-sysinfo-l1-1-0.dll
0x0000019ebc810000 - 0x0000019ebc813000 	C:\JavaFX\javafx-sdk-16\bin\api-ms-win-core-timezone-l1-1-0.dll
0x0000019ebc820000 - 0x0000019ebc823000 	C:\JavaFX\javafx-sdk-16\bin\api-ms-win-core-util-l1-1-0.dll
0x0000019ebc830000 - 0x0000019ebc833000 	C:\JavaFX\javafx-sdk-16\bin\api-ms-win-crt-conio-l1-1-0.dll
0x0000019ebc840000 - 0x0000019ebc844000 	C:\JavaFX\javafx-sdk-16\bin\api-ms-win-crt-convert-l1-1-0.dll
0x0000019ebc850000 - 0x0000019ebc853000 	C:\JavaFX\javafx-sdk-16\bin\api-ms-win-crt-environment-l1-1-0.dll
0x0000019ebc860000 - 0x0000019ebc863000 	C:\JavaFX\javafx-sdk-16\bin\api-ms-win-crt-filesystem-l1-1-0.dll
0x0000019ebc870000 - 0x0000019ebc873000 	C:\JavaFX\javafx-sdk-16\bin\api-ms-win-crt-heap-l1-1-0.dll
0x0000019ebc880000 - 0x0000019ebc883000 	C:\JavaFX\javafx-sdk-16\bin\api-ms-win-crt-locale-l1-1-0.dll
0x0000019ebc890000 - 0x0000019ebc895000 	C:\JavaFX\javafx-sdk-16\bin\api-ms-win-crt-math-l1-1-0.dll
0x0000019ebc8a0000 - 0x0000019ebc8a5000 	C:\JavaFX\javafx-sdk-16\bin\api-ms-win-crt-multibyte-l1-1-0.dll
0x0000019ebc8b0000 - 0x0000019ebc8c0000 	C:\JavaFX\javafx-sdk-16\bin\api-ms-win-crt-private-l1-1-0.dll
0x0000019ebc8c0000 - 0x0000019ebc8c3000 	C:\JavaFX\javafx-sdk-16\bin\api-ms-win-crt-process-l1-1-0.dll
0x0000019ebc8d0000 - 0x0000019ebc8d4000 	C:\JavaFX\javafx-sdk-16\bin\api-ms-win-crt-runtime-l1-1-0.dll
0x0000019ebc8e0000 - 0x0000019ebc8e4000 	C:\JavaFX\javafx-sdk-16\bin\api-ms-win-crt-stdio-l1-1-0.dll
0x0000019ebc8f0000 - 0x0000019ebc8f4000 	C:\JavaFX\javafx-sdk-16\bin\api-ms-win-crt-string-l1-1-0.dll
0x0000019ebc900000 - 0x0000019ebc903000 	C:\JavaFX\javafx-sdk-16\bin\api-ms-win-crt-time-l1-1-0.dll
0x0000019ebc910000 - 0x0000019ebc913000 	C:\JavaFX\javafx-sdk-16\bin\api-ms-win-crt-utility-l1-1-0.dll
0x00007ffe0d150000 - 0x00007ffe0d24c000 	C:\JavaFX\javafx-sdk-16\bin\ucrtbase.dll
0x00007ffe0d130000 - 0x00007ffe0d149000 	C:\JavaFX\javafx-sdk-16\bin\vcruntime140.dll
0x00007ffe1e6b0000 - 0x00007ffe1e6bc000 	C:\JavaFX\javafx-sdk-16\bin\vcruntime140_1.dll
0x00007ffe0d090000 - 0x00007ffe0d121000 	C:\JavaFX\javafx-sdk-16\bin\msvcp140.dll
0x00007ffe0d060000 - 0x00007ffe0d087000 	C:\JavaFX\javafx-sdk-16\bin\prism_d3d.dll
0x00007ffe0c830000 - 0x00007ffe0c9d6000 	C:\Windows\system32\d3d9.dll
0x00007ffe20440000 - 0x00007ffe2046f000 	C:\Windows\SYSTEM32\dwmapi.dll
0x00007ffe202b0000 - 0x00007ffe202e8000 	C:\Windows\SYSTEM32\dxcore.dll
0x00007ffe201a0000 - 0x00007ffe2024c000 	C:\Windows\system32\uxtheme.dll
0x00007ffe1e540000 - 0x00007ffe1e584000 	C:\Windows\SYSTEM32\directxdatabasehelper.dll
0x00007ffe21b70000 - 0x00007ffe21ba4000 	C:\Windows\SYSTEM32\ntmarta.dll
0x00007ffe0d010000 - 0x00007ffe0d052000 	C:\JavaFX\javafx-sdk-16\bin\glass.dll
0x00007ffe23640000 - 0x00007ffe2372c000 	C:\Windows\System32\COMDLG32.dll
0x00007ffe23850000 - 0x00007ffe239ea000 	C:\Windows\System32\ole32.dll
0x00007ffe23a10000 - 0x00007ffe23ae6000 	C:\Windows\System32\OLEAUT32.dll
0x00007ffe23c00000 - 0x00007ffe23d1d000 	C:\Windows\System32\MSCTF.dll
0x00007ffe1d160000 - 0x00007ffe1d862000 	C:\Windows\SYSTEM32\d3d10warp.dll

dbghelp: loaded successfully - version: 4.0.5 - missing functions: none
symbol engine: initialized successfully - sym options: 0x614 - pdb path: .;C:\Program Files\Eclipse\plugins\org.eclipse.justj.openjdk.hotspot.jre.full.win32.x86_64_17.0.3.v20220515-1416\jre\bin;C:\Windows\SYSTEM32;C:\Windows\WinSxS\amd64_microsoft.windows.common-controls_6595b64144ccf1df_6.0.22000.120_none_9d947278b86cc467;C:\Program Files\Eclipse\plugins\org.eclipse.justj.openjdk.hotspot.jre.full.win32.x86_64_17.0.3.v20220515-1416\jre\bin\server;C:\JavaFX\javafx-sdk-16\bin

VM Arguments:
jvm_args: -Dfile.encoding=UTF-8 --module-path=C:\Users\CS219-user\eclipse-workspace\FitnessAplicationForYou\bin;C:\JavaFX\javafx-sdk-16\lib\javafx-swt.jar;C:\JavaFX\javafx-sdk-16\lib\javafx.base.jar;C:\JavaFX\javafx-sdk-16\lib\javafx.controls.jar;C:\JavaFX\javafx-sdk-16\lib\javafx.fxml.jar;C:\JavaFX\javafx-sdk-16\lib\javafx.graphics.jar;C:\JavaFX\javafx-sdk-16\lib\javafx.media.jar;C:\JavaFX\javafx-sdk-16\lib\javafx.swing.jar;C:\JavaFX\javafx-sdk-16\lib\javafx.web.jar;C:\Program Files\Eclipse\plugins\org.eclipse.fx.ide.css.jfx8_3.8.0.202204150904.jar -XX:+ShowCodeDetailsInExceptionMessages -Djdk.module.main=FitnessAplicationForYou 
java_command: FitnessAplicationForYou/application.CaloriesBurned
java_class_path (initial): <not set>
Launcher Type: SUN_STANDARD

[Global flags]
     intx CICompilerCount                          = 2                                         {product} {ergonomic}
     uint ConcGCThreads                            = 1                                         {product} {ergonomic}
     uint G1ConcRefinementThreads                  = 2                                         {product} {ergonomic}
   size_t G1HeapRegionSize                         = 1048576                                   {product} {ergonomic}
    uintx GCDrainStackTargetSize                   = 64                                        {product} {ergonomic}
   size_t InitialHeapSize                          = 67108864                                  {product} {ergonomic}
   size_t MarkStackSize                            = 4194304                                   {product} {ergonomic}
   size_t MaxHeapSize                              = 1073741824                                {product} {ergonomic}
   size_t MaxNewSize                               = 643825664                                 {product} {ergonomic}
   size_t MinHeapDeltaBytes                        = 1048576                                   {product} {ergonomic}
   size_t MinHeapSize                              = 8388608                                   {product} {ergonomic}
    uintx NonNMethodCodeHeapSize                   = 5826188                                {pd product} {ergonomic}
    uintx NonProfiledCodeHeapSize                  = 122916026                              {pd product} {ergonomic}
    uintx ProfiledCodeHeapSize                     = 122916026                              {pd product} {ergonomic}
    uintx ReservedCodeCacheSize                    = 251658240                              {pd product} {ergonomic}
     bool SegmentedCodeCache                       = true                                      {product} {ergonomic}
     bool ShowCodeDetailsInExceptionMessages       = true                                   {manageable} {command line}
   size_t SoftMaxHeapSize                          = 1073741824                             {manageable} {ergonomic}
     bool UseCompressedClassPointers               = true                           {product lp64_product} {ergonomic}
     bool UseCompressedOops                        = true                           {product lp64_product} {ergonomic}
     bool UseG1GC                                  = true                                      {product} {ergonomic}
     bool UseLargePagesIndividualAllocation        = false                                  {pd product} {ergonomic}

Logging:
Log output configuration:
 #0: stdout all=warning uptime,level,tags
 #1: stderr all=off uptime,level,tags

Environment Variables:
PATH=C:/Program Files/eclipse//plugins/org.eclipse.justj.openjdk.hotspot.jre.full.win32.x86_64_17.0.3.v20220515-1416/jre/bin/server;C:/Program Files/eclipse//plugins/org.eclipse.justj.openjdk.hotspot.jre.full.win32.x86_64_17.0.3.v20220515-1416/jre/bin;C:\Program Files\Common Files\Oracle\Java\javapath;C:\Windows\system32;C:\Windows;C:\Windows\System32\Wbem;C:\Windows\System32\WindowsPowerShell\v1.0\;C:\Windows\System32\OpenSSH\;C:\Users\CS219-user\AppData\Local\Microsoft\WindowsApps;;C:\Program Files\eclipse;
USERNAME=CS219-user
OS=Windows_NT
PROCESSOR_IDENTIFIER=Intel64 Family 6 Model 85 Stepping 7, GenuineIntel



---------------  S Y S T E M  ---------------

OS:
 Windows 11 , 64 bit Build 22000 (10.0.22000.708)
OS uptime: 0 days 2:08 hours
Hyper-V virtualization detected

CPU: total 2 (initial active 2) (1 cores per cpu, 2 threads per core) family 6 model 85 stepping 7 microcode 0xffffffff, cx8, cmov, fxsr, ht, mmx, 3dnowpref, sse, sse2, sse3, ssse3, sse4.1, sse4.2, popcnt, lzcnt, tsc, avx, avx2, aes, erms, clmul, bmi1, bmi2, rtm, adx, avx512f, avx512dq, avx512cd, avx512bw, avx512vl, fma, vzeroupper, clflush, clflushopt, hv

Memory: 4k page, system-wide physical 4094M (385M free)
TotalPageFile size 6142M (AvailPageFile size 12M)
current process WorkingSet (physical memory assigned to process): 59M, peak: 59M
current process commit charge ("private bytes"): 142M, peak: 142M

vm_info: OpenJDK 64-Bit Server VM (17.0.3+7) for windows-amd64 JRE (17.0.3+7), built on Apr 19 2022 16:55:35 by "" with MS VC++ 16.7 (VS2019)

END.
